<?xml version="1.0" encoding="UTF-8"?>
<!-- Generated by org.testng.reporters.JUnitReportReporter -->
<testsuite hostname="C40LAP-12928" name="testpackage.MavenTest1" tests="1" failures="0" timestamp="16 Dec 2021 08:50:13 GMT" time="4.742" errors="0">
  <testcase name="test" time="4.742" classname="testpackage.MavenTest1"/>
</testsuite> <!-- testpackage.MavenTest1 -->
